0 info it worked if it ends with ok
1 verbose cli [ 'C:\\Program Files\\nodejs\\node.exe',
1 verbose cli   'C:\\Program Files\\nodejs\\node_modules\\npm\\bin\\npm-cli.js',
1 verbose cli   'install',
1 verbose cli   'mysql',
1 verbose cli   '-g',
1 verbose cli   '--save' ]
2 info using npm@2.14.12
3 info using node@v4.3.2
4 verbose install initial load of C:\Users\vinson\AppData\Roaming\npm\package.json
5 verbose readDependencies loading dependencies from C:\Users\vinson\AppData\Roaming\npm\package.json
6 silly cache add args [ 'mysql', null ]
7 verbose cache add spec mysql
8 silly cache add parsed spec Result {
8 silly cache add   raw: 'mysql',
8 silly cache add   scope: null,
8 silly cache add   name: 'mysql',
8 silly cache add   rawSpec: '',
8 silly cache add   spec: 'latest',
8 silly cache add   type: 'tag' }
9 silly addNamed mysql@latest
10 verbose addNamed "latest" is being treated as a dist-tag for mysql
11 info addNameTag [ 'mysql', 'latest' ]
12 silly mapToRegistry name mysql
13 silly mapToRegistry using default registry
14 silly mapToRegistry registry https://registry.npmjs.org/
15 silly mapToRegistry uri https://registry.npmjs.org/mysql
16 verbose addNameTag registry:https://registry.npmjs.org/mysql not in flight; fetching
17 verbose request uri https://registry.npmjs.org/mysql
18 verbose request no auth needed
19 info attempt registry request try #1 at 11:32:47
20 verbose request id 8753ed9b72472045
21 http request GET https://registry.npmjs.org/mysql
22 http 200 https://registry.npmjs.org/mysql
23 verbose headers { server: 'CouchDB/1.5.0 (Erlang OTP/R16B03)',
23 verbose headers   etag: '"2PPFEHYHIEQ8ENNY80Z8142MJ"',
23 verbose headers   'content-type': 'application/json',
23 verbose headers   'content-encoding': 'gzip',
23 verbose headers   'cache-control': 'max-age=300',
23 verbose headers   'content-length': '28781',
23 verbose headers   'accept-ranges': 'bytes',
23 verbose headers   date: 'Tue, 07 Jun 2016 03:32:51 GMT',
23 verbose headers   via: '1.1 varnish',
23 verbose headers   age: '284',
23 verbose headers   connection: 'keep-alive',
23 verbose headers   'x-served-by': 'cache-lcy1128-LCY',
23 verbose headers   'x-cache': 'HIT',
23 verbose headers   'x-cache-hits': '2',
23 verbose headers   'x-timer': 'S1465270371.889392,VS0,VE0',
23 verbose headers   vary: 'Accept-Encoding' }
24 silly get cb [ 200,
24 silly get   { server: 'CouchDB/1.5.0 (Erlang OTP/R16B03)',
24 silly get     etag: '"2PPFEHYHIEQ8ENNY80Z8142MJ"',
24 silly get     'content-type': 'application/json',
24 silly get     'content-encoding': 'gzip',
24 silly get     'cache-control': 'max-age=300',
24 silly get     'content-length': '28781',
24 silly get     'accept-ranges': 'bytes',
24 silly get     date: 'Tue, 07 Jun 2016 03:32:51 GMT',
24 silly get     via: '1.1 varnish',
24 silly get     age: '284',
24 silly get     connection: 'keep-alive',
24 silly get     'x-served-by': 'cache-lcy1128-LCY',
24 silly get     'x-cache': 'HIT',
24 silly get     'x-cache-hits': '2',
24 silly get     'x-timer': 'S1465270371.889392,VS0,VE0',
24 silly get     vary: 'Accept-Encoding' } ]
25 verbose get saving mysql to C:\Users\vinson\AppData\Roaming\npm-cache\registry.npmjs.org\mysql\.cache.json
26 silly addNameTag next cb for mysql with tag latest
27 silly addNamed mysql@2.11.0
28 verbose addNamed "2.11.0" is a plain semver version for mysql
29 silly mapToRegistry name mysql
30 silly mapToRegistry using default registry
31 silly mapToRegistry registry https://registry.npmjs.org/
32 silly mapToRegistry uri https://registry.npmjs.org/mysql
33 verbose addRemoteTarball https://registry.npmjs.org/mysql/-/mysql-2.11.0.tgz not in flight; adding
34 verbose addRemoteTarball [ 'https://registry.npmjs.org/mysql/-/mysql-2.11.0.tgz',
34 verbose addRemoteTarball   '71a520e6243a6190f79461ea92d3e12e85bd80e6' ]
35 info retry fetch attempt 1 at 11:32:50
36 info attempt registry request try #1 at 11:32:50
37 http fetch GET https://registry.npmjs.org/mysql/-/mysql-2.11.0.tgz
38 http fetch 200 https://registry.npmjs.org/mysql/-/mysql-2.11.0.tgz
39 info retry will retry, error on last attempt: Error: read ECONNRESET
40 info retry will retry, error on last attempt: Error: read ECONNRESET
41 silly fetchAndShaCheck shasum 71a520e6243a6190f79461ea92d3e12e85bd80e6
42 verbose stack Error: shasum check failed for C:\Users\vinson\AppData\Local\Temp\npm-6156-683e0f30\registry.npmjs.org\mysql\-\mysql-2.11.0.tgz
42 verbose stack Expected: 71a520e6243a6190f79461ea92d3e12e85bd80e6
42 verbose stack Actual:   51da3a788e99e75a10b4575e4198b7ec529381e5
42 verbose stack From:     https://registry.npmjs.org/mysql/-/mysql-2.11.0.tgz
42 verbose stack     at C:\Program Files\nodejs\node_modules\npm\node_modules\sha\index.js:25:8
42 verbose stack     at ReadStream.<anonymous> (C:\Program Files\nodejs\node_modules\npm\node_modules\sha\index.js:72:7)
42 verbose stack     at emitNone (events.js:72:20)
42 verbose stack     at ReadStream.emit (events.js:166:7)
42 verbose stack     at endReadableNT (_stream_readable.js:905:12)
42 verbose stack     at nextTickCallbackWith2Args (node.js:437:9)
42 verbose stack     at process._tickCallback (node.js:351:17)
43 verbose cwd F:\new\myblog
44 error Windows_NT 6.1.7601
45 error argv "C:\\Program Files\\nodejs\\node.exe" "C:\\Program Files\\nodejs\\node_modules\\npm\\bin\\npm-cli.js" "install" "mysql" "-g" "--save"
46 error node v4.3.2
47 error npm  v2.14.12
48 error shasum check failed for C:\Users\vinson\AppData\Local\Temp\npm-6156-683e0f30\registry.npmjs.org\mysql\-\mysql-2.11.0.tgz
48 error Expected: 71a520e6243a6190f79461ea92d3e12e85bd80e6
48 error Actual:   51da3a788e99e75a10b4575e4198b7ec529381e5
48 error From:     https://registry.npmjs.org/mysql/-/mysql-2.11.0.tgz
49 error If you need help, you may report this error at:
49 error     <https://github.com/npm/npm/issues>
50 verbose exit [ 1, true ]
